45.0 APEX_CODE,FINEST;APEX_PROFILING,INFO;CALLOUT,INFO;DB,INFO;NBA,INFO;SYSTEM,DEBUG;VALIDATION,INFO;VISUALFORCE,INFO;WAVE,INFO;WORKFLOW,INFO
21:03:28.0 (164332)|USER_INFO|[EXTERNAL]|0050o00000USTLu|teja_8@salesforcecasts.com|(GMT-08:00) Pacific Standard Time (America/Los_Angeles)|GMT-08:00
21:03:28.0 (197720)|EXECUTION_STARTED
21:03:28.0 (203032)|CODE_UNIT_STARTED|[EXTERNAL]|Aura
21:03:28.0 (1501280)|CODE_UNIT_STARTED|[EXTERNAL]|01p0o00000DQDdN|URLShortnerController.URLShortenMethod(String)
21:03:28.0 (1686737)|HEAP_ALLOCATE|[72]|Bytes:3
21:03:28.0 (1747543)|HEAP_ALLOCATE|[77]|Bytes:152
21:03:28.0 (1781492)|HEAP_ALLOCATE|[342]|Bytes:408
21:03:28.0 (1794945)|HEAP_ALLOCATE|[355]|Bytes:408
21:03:28.0 (1807159)|HEAP_ALLOCATE|[467]|Bytes:48
21:03:28.0 (1847236)|HEAP_ALLOCATE|[139]|Bytes:6
21:03:28.0 (1877808)|VARIABLE_SCOPE_BEGIN|[3]|URLShortnerController.api_key|String|false|true
21:03:28.0 (1886987)|VARIABLE_SCOPE_BEGIN|[2]|URLShortnerController.login|String|false|true
21:03:28.0 (1945960)|HEAP_ALLOCATE|[EXTERNAL]|Bytes:4
21:03:28.0 (1953956)|HEAP_ALLOCATE|[EXTERNAL]|Bytes:2
21:03:28.0 (1965850)|METHOD_ENTRY|[1]|01p0o00000DQDdN|URLShortnerController.URLShortnerController()
21:03:28.0 (1972847)|STATEMENT_EXECUTE|[1]
21:03:28.0 (1977706)|STATEMENT_EXECUTE|[1]
21:03:28.0 (2009866)|HEAP_ALLOCATE|[50]|Bytes:5
21:03:28.0 (2037116)|HEAP_ALLOCATE|[56]|Bytes:5
21:03:28.0 (2046626)|HEAP_ALLOCATE|[64]|Bytes:7
21:03:28.0 (2065786)|SYSTEM_MODE_ENTER|false
21:03:28.0 (2079200)|HEAP_ALLOCATE|[2]|Bytes:5
21:03:28.0 (2084354)|STATEMENT_EXECUTE|[2]
21:03:28.0 (2087890)|HEAP_ALLOCATE|[2]|Bytes:6
21:03:28.0 (2113625)|VARIABLE_ASSIGNMENT|[2]|URLShortnerController.login|"kkteja"
21:03:28.0 (2120810)|STATEMENT_EXECUTE|[3]
21:03:28.0 (2123933)|HEAP_ALLOCATE|[3]|Bytes:34
21:03:28.0 (2139138)|VARIABLE_ASSIGNMENT|[3]|URLShortnerController.api_key|"R_d757691e564e549f88 (14 more) ..."
21:03:28.0 (2148023)|SYSTEM_MODE_EXIT|false
21:03:28.0 (2158164)|METHOD_EXIT|[1]|URLShortnerController
21:03:28.0 (2164234)|HEAP_ALLOCATE|[EXTERNAL]|Bytes:79
21:03:28.0 (2172937)|SYSTEM_MODE_ENTER|false
21:03:28.0 (2179062)|VARIABLE_SCOPE_BEGIN|[6]|long_url|String|false|false
21:03:28.0 (2192102)|VARIABLE_ASSIGNMENT|[6]|long_url|"https://github.com/s (59 more) ..."
21:03:28.0 (2205842)|HEAP_ALLOCATE|[8]|Bytes:5
21:03:28.0 (2210387)|STATEMENT_EXECUTE|[6]
21:03:28.0 (2212279)|STATEMENT_EXECUTE|[8]
21:03:28.0 (2214980)|HEAP_ALLOCATE|[8]|Bytes:44
21:03:28.0 (2221659)|HEAP_ALLOCATE|[8]|Bytes:7
21:03:28.0 (2226350)|HEAP_ALLOCATE|[8]|Bytes:9
21:03:28.0 (2242969)|HEAP_ALLOCATE|[8]|Bytes:179
21:03:28.0 (2249899)|VARIABLE_SCOPE_BEGIN|[8]|apiURL|String|false|false
21:03:28.0 (2262565)|VARIABLE_ASSIGNMENT|[8]|apiURL|"https://api-ssl.bitl (159 more) ..."
21:03:28.0 (2268103)|STATEMENT_EXECUTE|[9]
21:03:28.0 (2280304)|METHOD_ENTRY|[9]|01p0o00000DQDdN|URLShortnerController.getCalloutResponseContents(String)
21:03:28.0 (2301079)|VARIABLE_SCOPE_BEGIN|[16]|url|String|false|false
21:03:28.0 (2311963)|VARIABLE_ASSIGNMENT|[16]|url|"https://api-ssl.bitl (159 more) ..."
21:03:28.0 (2321625)|HEAP_ALLOCATE|[17]|Bytes:5
21:03:28.0 (2326129)|STATEMENT_EXECUTE|[16]
21:03:28.0 (2328393)|STATEMENT_EXECUTE|[17]
21:03:28.0 (2331551)|VARIABLE_SCOPE_BEGIN|[17]|result|String|false|false
21:03:28.0 (2340668)|VARIABLE_ASSIGNMENT|[17]|result|null
21:03:28.0 (2344818)|STATEMENT_EXECUTE|[18]
21:03:28.0 (2366757)|VARIABLE_SCOPE_BEGIN|[18]|h|System.Http|true|false
21:03:28.0 (2615029)|VARIABLE_ASSIGNMENT|[18]|h|"System.Http[]"|0x4b349883
21:03:28.0 (2624504)|STATEMENT_EXECUTE|[19]
21:03:28.0 (2641184)|VARIABLE_SCOPE_BEGIN|[19]|req|System.HttpRequest|true|false
21:03:28.0 (2721892)|VARIABLE_ASSIGNMENT|[19]|req|"System.HttpRequest[Endpoint=null, Method=null]"|0x1371dd82
21:03:28.0 (2731059)|STATEMENT_EXECUTE|[20]
21:03:28.0 (2787310)|STATEMENT_EXECUTE|[21]
21:03:28.0 (2792354)|HEAP_ALLOCATE|[21]|Bytes:3
21:03:28.0 (2816896)|STATEMENT_EXECUTE|[23]
21:03:28.0 (2878571)|CALLOUT_REQUEST|[23]|System.HttpRequest[Endpoint=https://api-ssl.bitly.com/v3/shorten?apiKey=R_d757691e564e549f881ddd6528ea5b65&login=kkteja&longUrl=https://github.com/salesforce-casts/salesforcecasts-screencasts/tree/master/src, Method=GET]
21:03:28.0 (783653764)|HEAP_ALLOCATE|[EXTERNAL]|Bytes:368
21:03:28.0 (783897810)|CALLOUT_RESPONSE|[23]|System.HttpResponse[Status=OK, StatusCode=200]
21:03:28.0 (783926975)|HEAP_ALLOCATE|[23]|Bytes:229
21:03:28.0 (783964747)|VARIABLE_SCOPE_BEGIN|[23]|res|System.HttpResponse|true|false
21:03:28.0 (784145198)|VARIABLE_ASSIGNMENT|[23]|res|"System.HttpResponse[Status=OK, StatusCode=200]"|0x10d5e381
21:03:28.0 (784219736)|STATEMENT_EXECUTE|[24]
21:03:28.0 (784222977)|STATEMENT_EXECUTE|[25]
21:03:28.0 (784257341)|HEAP_ALLOCATE|[25]|Bytes:223
21:03:28.0 (784278933)|VARIABLE_ASSIGNMENT|[25]|result|"{\"status_code\":200,\" (203 more) ..."
21:03:28.0 (784285413)|STATEMENT_EXECUTE|[27]
21:03:28.0 (784303266)|METHOD_EXIT|[9]|01p0o00000DQDdN|URLShortnerController.getCalloutResponseContents(String)
21:03:28.0 (784313638)|VARIABLE_SCOPE_BEGIN|[9]|result|String|false|false
21:03:28.0 (784324488)|VARIABLE_ASSIGNMENT|[9]|result|"{\"status_code\":200,\" (203 more) ..."
21:03:28.0 (784329351)|STATEMENT_EXECUTE|[10]
21:03:28.0 (784333893)|HEAP_ALLOCATE|[10]|Bytes:8
21:03:28.0 (784352882)|HEAP_ALLOCATE|[10]|Bytes:231
21:03:28.0 (784394108)|USER_DEBUG|[10]|DEBUG|result::{"status_code":200,"status_txt":"OK","data":{"url":"http://bit.ly/2II8aMZ","hash":"2II8aMZ","global_hash":"2IHtfHr","long_url":"https://github.com/salesforce-casts/salesforcecasts-screencasts/tree/master/src","new_hash":1}}
21:03:28.0 (784416017)|STATEMENT_EXECUTE|[12]
21:03:28.0 (784430176)|METHOD_ENTRY|[12]|01p0o00000DQDdN|URLShortnerController.getCalloutResponseContents(String)
21:03:28.0 (784455104)|VARIABLE_SCOPE_BEGIN|[16]|url|String|false|false
21:03:28.0 (784473990)|VARIABLE_ASSIGNMENT|[16]|url|"https://api-ssl.bitl (159 more) ..."
21:03:28.0 (784498150)|HEAP_ALLOCATE|[17]|Bytes:5
21:03:28.0 (784506763)|STATEMENT_EXECUTE|[16]
21:03:28.0 (784509519)|STATEMENT_EXECUTE|[17]
21:03:28.0 (784515315)|VARIABLE_SCOPE_BEGIN|[17]|result|String|false|false
21:03:28.0 (784530416)|VARIABLE_ASSIGNMENT|[17]|result|null
21:03:28.0 (784537552)|STATEMENT_EXECUTE|[18]
21:03:28.0 (784555323)|VARIABLE_SCOPE_BEGIN|[18]|h|System.Http|true|false
21:03:28.0 (784631058)|VARIABLE_ASSIGNMENT|[18]|h|"System.Http[]"|0x664a86fe
21:03:28.0 (784639873)|STATEMENT_EXECUTE|[19]
21:03:28.0 (784650746)|VARIABLE_SCOPE_BEGIN|[19]|req|System.HttpRequest|true|false
21:03:28.0 (784763335)|VARIABLE_ASSIGNMENT|[19]|req|"System.HttpRequest[Endpoint=null, Method=null]"|0x6de11230
21:03:28.0 (784779430)|STATEMENT_EXECUTE|[20]
21:03:28.0 (784807602)|STATEMENT_EXECUTE|[21]
21:03:28.0 (784824475)|STATEMENT_EXECUTE|[23]
21:03:28.0 (787185443)|CALLOUT_REQUEST|[23]|System.HttpRequest[Endpoint=https://api-ssl.bitly.com/v3/shorten?apiKey=R_d757691e564e549f881ddd6528ea5b65&login=kkteja&longUrl=https://github.com/salesforce-casts/salesforcecasts-screencasts/tree/master/src, Method=GET]
21:03:28.0 (989903647)|HEAP_ALLOCATE|[EXTERNAL]|Bytes:368
21:03:28.0 (990086750)|CALLOUT_RESPONSE|[23]|System.HttpResponse[Status=OK, StatusCode=200]
21:03:28.0 (990111434)|HEAP_ALLOCATE|[23]|Bytes:229
21:03:28.0 (990138721)|VARIABLE_SCOPE_BEGIN|[23]|res|System.HttpResponse|true|false
21:03:28.0 (990283585)|VARIABLE_ASSIGNMENT|[23]|res|"System.HttpResponse[Status=OK, StatusCode=200]"|0x72b3c1ff
21:03:28.0 (990330169)|STATEMENT_EXECUTE|[24]
21:03:28.0 (990334390)|STATEMENT_EXECUTE|[25]
21:03:28.0 (990368024)|HEAP_ALLOCATE|[25]|Bytes:223
21:03:28.0 (990392232)|VARIABLE_ASSIGNMENT|[25]|result|"{\"status_code\":200,\" (203 more) ..."
21:03:28.0 (990398370)|STATEMENT_EXECUTE|[27]
21:03:28.0 (990415921)|METHOD_EXIT|[12]|01p0o00000DQDdN|URLShortnerController.getCalloutResponseContents(String)
21:03:28.0 (990432743)|SYSTEM_MODE_EXIT|false
21:03:28.992 (992441676)|CUMULATIVE_LIMIT_USAGE
21:03:28.992 (992441676)|LIMIT_USAGE_FOR_NS|(default)|
  Number of SOQL queries: 0 out of 100
  Number of query rows: 0 out of 50000
  Number of SOSL queries: 0 out of 20
  Number of DML statements: 0 out of 150
  Number of DML rows: 0 out of 10000
  Maximum CPU time: 0 out of 10000
  Maximum heap size: 0 out of 6000000
  Number of callouts: 2 out of 100
  Number of Email Invocations: 0 out of 10
  Number of future calls: 0 out of 50
  Number of queueable jobs added to the queue: 0 out of 50
  Number of Mobile Apex push calls: 0 out of 10

21:03:28.992 (992441676)|CUMULATIVE_LIMIT_USAGE_END

21:03:28.0 (992488643)|CODE_UNIT_FINISHED|URLShortnerController.URLShortenMethod(String)
21:03:28.0 (992675121)|CODE_UNIT_FINISHED|Aura
21:03:28.0 (993601506)|EXECUTION_FINISHED
