45.0 APEX_CODE,FINEST;APEX_PROFILING,INFO;CALLOUT,INFO;DB,INFO;NBA,INFO;SYSTEM,DEBUG;VALIDATION,INFO;VISUALFORCE,INFO;WAVE,INFO;WORKFLOW,INFO
21:02:25.2 (2293944)|USER_INFO|[EXTERNAL]|0050o00000USTLu|teja_8@salesforcecasts.com|(GMT-08:00) Pacific Standard Time (America/Los_Angeles)|GMT-08:00
21:02:25.2 (2353527)|EXECUTION_STARTED
21:02:25.2 (2360501)|CODE_UNIT_STARTED|[EXTERNAL]|Aura
21:02:25.2 (5419371)|CODE_UNIT_STARTED|[EXTERNAL]|01p0o00000DQDdN|URLShortnerController.URLShortenMethod(String)
21:02:25.2 (5601093)|VARIABLE_SCOPE_BEGIN|[3]|URLShortnerController.api_key|String|false|true
21:02:25.2 (5660155)|VARIABLE_SCOPE_BEGIN|[2]|URLShortnerController.login|String|false|true
21:02:25.2 (5791801)|HEAP_ALLOCATE|[72]|Bytes:3
21:02:25.2 (5892940)|HEAP_ALLOCATE|[77]|Bytes:152
21:02:25.2 (5909511)|HEAP_ALLOCATE|[342]|Bytes:408
21:02:25.2 (5927871)|HEAP_ALLOCATE|[355]|Bytes:408
21:02:25.2 (5946125)|HEAP_ALLOCATE|[467]|Bytes:48
21:02:25.2 (5982119)|HEAP_ALLOCATE|[139]|Bytes:6
21:02:25.2 (6010157)|HEAP_ALLOCATE|[EXTERNAL]|Bytes:4
21:02:25.2 (6059356)|HEAP_ALLOCATE|[EXTERNAL]|Bytes:2
21:02:25.2 (6077190)|METHOD_ENTRY|[1]|01p0o00000DQDdN|URLShortnerController.URLShortnerController()
21:02:25.2 (6086925)|STATEMENT_EXECUTE|[1]
21:02:25.2 (6093872)|STATEMENT_EXECUTE|[1]
21:02:25.2 (6129378)|HEAP_ALLOCATE|[50]|Bytes:5
21:02:25.2 (6156086)|HEAP_ALLOCATE|[56]|Bytes:5
21:02:25.2 (6169635)|HEAP_ALLOCATE|[64]|Bytes:7
21:02:25.2 (6193516)|SYSTEM_MODE_ENTER|false
21:02:25.2 (6209173)|HEAP_ALLOCATE|[2]|Bytes:5
21:02:25.2 (6216122)|STATEMENT_EXECUTE|[2]
21:02:25.2 (6220598)|HEAP_ALLOCATE|[2]|Bytes:6
21:02:25.2 (6256059)|VARIABLE_ASSIGNMENT|[2]|URLShortnerController.login|"kkteja"
21:02:25.2 (6266218)|STATEMENT_EXECUTE|[3]
21:02:25.2 (6276660)|HEAP_ALLOCATE|[3]|Bytes:34
21:02:25.2 (6293588)|VARIABLE_ASSIGNMENT|[3]|URLShortnerController.api_key|"R_d757691e564e549f88 (14 more) ..."
21:02:25.2 (6303405)|SYSTEM_MODE_EXIT|false
21:02:25.2 (6316628)|METHOD_EXIT|[1]|URLShortnerController
21:02:25.2 (6325081)|HEAP_ALLOCATE|[EXTERNAL]|Bytes:113
21:02:25.2 (6336255)|SYSTEM_MODE_ENTER|false
21:02:25.2 (6347345)|VARIABLE_SCOPE_BEGIN|[6]|long_url|String|false|false
21:02:25.2 (6367020)|VARIABLE_ASSIGNMENT|[6]|long_url|"https://github.com/s (93 more) ..."
21:02:25.2 (6383108)|HEAP_ALLOCATE|[8]|Bytes:5
21:02:25.2 (6389645)|STATEMENT_EXECUTE|[6]
21:02:25.2 (6392421)|STATEMENT_EXECUTE|[8]
21:02:25.2 (6396485)|HEAP_ALLOCATE|[8]|Bytes:44
21:02:25.2 (6404569)|HEAP_ALLOCATE|[8]|Bytes:7
21:02:25.2 (6410670)|HEAP_ALLOCATE|[8]|Bytes:9
21:02:25.2 (6430530)|HEAP_ALLOCATE|[8]|Bytes:213
21:02:25.2 (6439273)|VARIABLE_SCOPE_BEGIN|[8]|apiURL|String|false|false
21:02:25.2 (6458396)|VARIABLE_ASSIGNMENT|[8]|apiURL|"https://api-ssl.bitl (193 more) ..."
21:02:25.2 (6466481)|STATEMENT_EXECUTE|[9]
21:02:25.2 (6488174)|METHOD_ENTRY|[9]|01p0o00000DQDdN|URLShortnerController.getCalloutResponseContents(String)
21:02:25.2 (6519561)|VARIABLE_SCOPE_BEGIN|[16]|url|String|false|false
21:02:25.2 (6538647)|VARIABLE_ASSIGNMENT|[16]|url|"https://api-ssl.bitl (193 more) ..."
21:02:25.2 (6553900)|HEAP_ALLOCATE|[17]|Bytes:5
21:02:25.2 (6560992)|STATEMENT_EXECUTE|[16]
21:02:25.2 (6563958)|STATEMENT_EXECUTE|[17]
21:02:25.2 (6567959)|VARIABLE_SCOPE_BEGIN|[17]|result|String|false|false
21:02:25.2 (6582337)|VARIABLE_ASSIGNMENT|[17]|result|null
21:02:25.2 (6588705)|STATEMENT_EXECUTE|[18]
21:02:25.2 (6616825)|VARIABLE_SCOPE_BEGIN|[18]|h|System.Http|true|false
21:02:25.2 (7007049)|VARIABLE_ASSIGNMENT|[18]|h|"System.Http[]"|0x470d4fcf
21:02:25.2 (7024596)|STATEMENT_EXECUTE|[19]
21:02:25.2 (7047324)|VARIABLE_SCOPE_BEGIN|[19]|req|System.HttpRequest|true|false
21:02:25.2 (7154881)|VARIABLE_ASSIGNMENT|[19]|req|"System.HttpRequest[Endpoint=null, Method=null]"|0x7bdfba49
21:02:25.2 (7168345)|STATEMENT_EXECUTE|[20]
21:02:25.2 (7242828)|STATEMENT_EXECUTE|[21]
21:02:25.2 (7249544)|HEAP_ALLOCATE|[21]|Bytes:3
21:02:25.2 (7290252)|STATEMENT_EXECUTE|[23]
21:02:25.2 (7377606)|CALLOUT_REQUEST|[23]|System.HttpRequest[Endpoint=https://api-ssl.bitly.com/v3/shorten?apiKey=R_d757691e564e549f881ddd6528ea5b65&login=kkteja&longUrl=https://github.com/salesforce-casts/salesforcecasts-screencasts/blob/master/src/classes/URLShortnerController.cls, Method=GET]
21:02:25.2 (785677822)|HEAP_ALLOCATE|[EXTERNAL]|Bytes:402
21:02:25.2 (785855304)|CALLOUT_RESPONSE|[23]|System.HttpResponse[Status=OK, StatusCode=200]
21:02:25.2 (785876794)|HEAP_ALLOCATE|[23]|Bytes:263
21:02:25.2 (785904150)|VARIABLE_SCOPE_BEGIN|[23]|res|System.HttpResponse|true|false
21:02:25.2 (786021804)|VARIABLE_ASSIGNMENT|[23]|res|"System.HttpResponse[Status=OK, StatusCode=200]"|0x17d18b8
21:02:25.2 (786090146)|STATEMENT_EXECUTE|[24]
21:02:25.2 (786093106)|STATEMENT_EXECUTE|[25]
21:02:25.2 (786127359)|HEAP_ALLOCATE|[25]|Bytes:257
21:02:25.2 (786147162)|VARIABLE_ASSIGNMENT|[25]|result|"{\"status_code\":200,\" (237 more) ..."
21:02:25.2 (786152434)|STATEMENT_EXECUTE|[27]
21:02:25.2 (786165726)|METHOD_EXIT|[9]|01p0o00000DQDdN|URLShortnerController.getCalloutResponseContents(String)
21:02:25.2 (786174759)|VARIABLE_SCOPE_BEGIN|[9]|result|String|false|false
21:02:25.2 (786185233)|VARIABLE_ASSIGNMENT|[9]|result|"{\"status_code\":200,\" (237 more) ..."
21:02:25.2 (786189677)|STATEMENT_EXECUTE|[10]
21:02:25.2 (786193624)|HEAP_ALLOCATE|[10]|Bytes:8
21:02:25.2 (786211117)|HEAP_ALLOCATE|[10]|Bytes:265
21:02:25.2 (786249751)|USER_DEBUG|[10]|DEBUG|result::{"status_code":200,"status_txt":"OK","data":{"url":"http://bit.ly/2GztPk5","hash":"2GztPk5","global_hash":"2GztPAB","long_url":"https://github.com/salesforce-casts/salesforcecasts-screencasts/blob/master/src/classes/URLShortnerController.cls","new_hash":0}}
21:02:25.2 (786270552)|STATEMENT_EXECUTE|[12]
21:02:25.2 (786278081)|METHOD_ENTRY|[12]|01p0o00000DQDdN|URLShortnerController.getCalloutResponseContents(String)
21:02:25.2 (786292735)|VARIABLE_SCOPE_BEGIN|[16]|url|String|false|false
21:02:25.2 (786304277)|VARIABLE_ASSIGNMENT|[16]|url|"https://api-ssl.bitl (193 more) ..."
21:02:25.2 (786317761)|HEAP_ALLOCATE|[17]|Bytes:5
21:02:25.2 (786322588)|STATEMENT_EXECUTE|[16]
21:02:25.2 (786324567)|STATEMENT_EXECUTE|[17]
21:02:25.2 (786328112)|VARIABLE_SCOPE_BEGIN|[17]|result|String|false|false
21:02:25.2 (786337491)|VARIABLE_ASSIGNMENT|[17]|result|null
21:02:25.2 (786341688)|STATEMENT_EXECUTE|[18]
21:02:25.2 (786355036)|VARIABLE_SCOPE_BEGIN|[18]|h|System.Http|true|false
21:02:25.2 (786424307)|VARIABLE_ASSIGNMENT|[18]|h|"System.Http[]"|0x62369a0d
21:02:25.2 (786432785)|STATEMENT_EXECUTE|[19]
21:02:25.2 (786442397)|VARIABLE_SCOPE_BEGIN|[19]|req|System.HttpRequest|true|false
21:02:25.2 (786506900)|VARIABLE_ASSIGNMENT|[19]|req|"System.HttpRequest[Endpoint=null, Method=null]"|0x6f6c39a2
21:02:25.2 (786514855)|STATEMENT_EXECUTE|[20]
21:02:25.2 (786531385)|STATEMENT_EXECUTE|[21]
21:02:25.2 (786541023)|STATEMENT_EXECUTE|[23]
21:02:25.2 (788350679)|CALLOUT_REQUEST|[23]|System.HttpRequest[Endpoint=https://api-ssl.bitly.com/v3/shorten?apiKey=R_d757691e564e549f881ddd6528ea5b65&login=kkteja&longUrl=https://github.com/salesforce-casts/salesforcecasts-screencasts/blob/master/src/classes/URLShortnerController.cls, Method=GET]
21:02:25.2 (996544209)|HEAP_ALLOCATE|[EXTERNAL]|Bytes:402
21:02:25.2 (996792204)|CALLOUT_RESPONSE|[23]|System.HttpResponse[Status=OK, StatusCode=200]
21:02:25.2 (996822737)|HEAP_ALLOCATE|[23]|Bytes:263
21:02:25.2 (996854276)|VARIABLE_SCOPE_BEGIN|[23]|res|System.HttpResponse|true|false
21:02:25.2 (997124430)|VARIABLE_ASSIGNMENT|[23]|res|"System.HttpResponse[Status=OK, StatusCode=200]"|0x320574b6
21:02:25.2 (997175839)|STATEMENT_EXECUTE|[24]
21:02:25.2 (997180370)|STATEMENT_EXECUTE|[25]
21:02:25.2 (997222275)|HEAP_ALLOCATE|[25]|Bytes:257
21:02:25.2 (997256435)|VARIABLE_ASSIGNMENT|[25]|result|"{\"status_code\":200,\" (237 more) ..."
21:02:25.2 (997267137)|STATEMENT_EXECUTE|[27]
21:02:25.2 (997285781)|METHOD_EXIT|[12]|01p0o00000DQDdN|URLShortnerController.getCalloutResponseContents(String)
21:02:25.2 (997310522)|SYSTEM_MODE_EXIT|false
21:02:25.999 (999984445)|CUMULATIVE_LIMIT_USAGE
21:02:25.999 (999984445)|LIMIT_USAGE_FOR_NS|(default)|
  Number of SOQL queries: 0 out of 100
  Number of query rows: 0 out of 50000
  Number of SOSL queries: 0 out of 20
  Number of DML statements: 0 out of 150
  Number of DML rows: 0 out of 10000
  Maximum CPU time: 0 out of 10000
  Maximum heap size: 0 out of 6000000
  Number of callouts: 2 out of 100
  Number of Email Invocations: 0 out of 10
  Number of future calls: 0 out of 50
  Number of queueable jobs added to the queue: 0 out of 50
  Number of Mobile Apex push calls: 0 out of 10

21:02:25.999 (999984445)|CUMULATIVE_LIMIT_USAGE_END

21:02:25.2 (1000042213)|CODE_UNIT_FINISHED|URLShortnerController.URLShortenMethod(String)
21:02:25.2 (1000223240)|CODE_UNIT_FINISHED|Aura
21:02:25.2 (1001218262)|EXECUTION_FINISHED
