45.0 APEX_CODE,FINEST;APEX_PROFILING,INFO;CALLOUT,INFO;DB,INFO;NBA,INFO;SYSTEM,DEBUG;VALIDATION,INFO;VISUALFORCE,INFO;WAVE,INFO;WORKFLOW,INFO
22:28:22.0 (527308)|USER_INFO|[EXTERNAL]|0050o00000USTLu|teja_8@salesforcecasts.com|(GMT-08:00) Pacific Standard Time (America/Los_Angeles)|GMT-08:00
22:28:22.0 (560483)|EXECUTION_STARTED
22:28:22.0 (565864)|CODE_UNIT_STARTED|[EXTERNAL]|0660o000007rc9l|VF: /apex/receiveBroadcast
22:28:22.4 (4957829)|CUMULATIVE_LIMIT_USAGE
22:28:22.4 (4957829)|LIMIT_USAGE_FOR_NS|(default)|
  Number of SOQL queries: 0 out of 100
  Number of query rows: 0 out of 50000
  Number of SOSL queries: 0 out of 20
  Number of DML statements: 0 out of 150
  Number of DML rows: 0 out of 10000
  Maximum CPU time: 0 out of 10000
  Maximum heap size: 0 out of 6000000
  Number of callouts: 0 out of 100
  Number of Email Invocations: 0 out of 10
  Number of future calls: 0 out of 50
  Number of queueable jobs added to the queue: 0 out of 50
  Number of Mobile Apex push calls: 0 out of 10

22:28:22.4 (4957829)|CUMULATIVE_LIMIT_USAGE_END

22:28:22.0 (5014587)|CODE_UNIT_FINISHED|VF: /apex/receiveBroadcast
22:28:22.0 (5930540)|EXECUTION_FINISHED
