45.0 APEX_CODE,FINEST;APEX_PROFILING,INFO;CALLOUT,INFO;DB,INFO;NBA,INFO;SYSTEM,DEBUG;VALIDATION,INFO;VISUALFORCE,INFO;WAVE,INFO;WORKFLOW,INFO
01:15:04.0 (498166)|USER_INFO|[EXTERNAL]|0050o00000USTLu|teja_8@salesforcecasts.com|(GMT-08:00) Pacific Standard Time (America/Los_Angeles)|GMT-08:00
01:15:04.0 (535093)|EXECUTION_STARTED
01:15:04.0 (540026)|CODE_UNIT_STARTED|[EXTERNAL]|0660o000007rcZk|VF: /apex/broadcasterPage
01:15:04.33 (33783449)|CUMULATIVE_LIMIT_USAGE
01:15:04.33 (33783449)|LIMIT_USAGE_FOR_NS|(default)|
  Number of SOQL queries: 0 out of 100
  Number of query rows: 0 out of 50000
  Number of SOSL queries: 0 out of 20
  Number of DML statements: 0 out of 150
  Number of DML rows: 0 out of 10000
  Maximum CPU time: 0 out of 10000
  Maximum heap size: 0 out of 6000000
  Number of callouts: 0 out of 100
  Number of Email Invocations: 0 out of 10
  Number of future calls: 0 out of 50
  Number of queueable jobs added to the queue: 0 out of 50
  Number of Mobile Apex push calls: 0 out of 10

01:15:04.33 (33783449)|CUMULATIVE_LIMIT_USAGE_END

01:15:04.0 (33853308)|CODE_UNIT_FINISHED|VF: /apex/broadcasterPage
01:15:04.0 (34678586)|EXECUTION_FINISHED
